/home/parallels/ros2_ws/install/rob2_description/lib/python3.10/site-packages/rob2_description/__init__.py
/home/parallels/ros2_ws/install/rob2_description/lib/python3.10/site-packages/rob2_description/wheel_controller.py
/home/parallels/ros2_ws/install/rob2_description/lib/python3.10/site-packages/rob2_description/__pycache__/__init__.cpython-310.pyc
/home/parallels/ros2_ws/install/rob2_description/lib/python3.10/site-packages/rob2_description/__pycache__/wheel_controller.cpython-310.pyc
/home/parallels/ros2_ws/install/rob2_description/share/ament_index/resource_index/packages/rob2_description
/home/parallels/ros2_ws/install/rob2_description/share/rob2_description/package.xml
/home/parallels/ros2_ws/install/rob2_description/share/rob2_description/launch/gazebo.launch.py
/home/parallels/ros2_ws/install/rob2_description/share/rob2_description/launch/display.launch.py
/home/parallels/ros2_ws/install/rob2_description/share/rob2_description/urdf/rob2.gazebo
/home/parallels/ros2_ws/install/rob2_description/share/rob2_description/urdf/materials.xacro
/home/parallels/ros2_ws/install/rob2_description/share/rob2_description/urdf/rob2.xacro
/home/parallels/ros2_ws/install/rob2_description/share/rob2_description/urdf/rob2.ros2control
/home/parallels/ros2_ws/install/rob2_description/share/rob2_description/meshes/B4_1.stl
/home/parallels/ros2_ws/install/rob2_description/share/rob2_description/meshes/J3_1.stl
/home/parallels/ros2_ws/install/rob2_description/share/rob2_description/meshes/B5_1.stl
/home/parallels/ros2_ws/install/rob2_description/share/rob2_description/meshes/Component17_1.stl
/home/parallels/ros2_ws/install/rob2_description/share/rob2_description/meshes/B1_1.stl
/home/parallels/ros2_ws/install/rob2_description/share/rob2_description/meshes/J5_1.stl
/home/parallels/ros2_ws/install/rob2_description/share/rob2_description/meshes/J4_1.stl
/home/parallels/ros2_ws/install/rob2_description/share/rob2_description/meshes/B2_1.stl
/home/parallels/ros2_ws/install/rob2_description/share/rob2_description/meshes/J2_1.stl
/home/parallels/ros2_ws/install/rob2_description/share/rob2_description/meshes/B3_1.stl
/home/parallels/ros2_ws/install/rob2_description/share/rob2_description/meshes/Component18_1.stl
/home/parallels/ros2_ws/install/rob2_description/share/rob2_description/meshes/Kamera_1.stl
/home/parallels/ros2_ws/install/rob2_description/share/rob2_description/meshes/J6_1.stl
/home/parallels/ros2_ws/install/rob2_description/share/rob2_description/meshes/J1_1.stl
/home/parallels/ros2_ws/install/rob2_description/share/rob2_description/meshes/base_link.stl
/home/parallels/ros2_ws/install/rob2_description/share/rob2_description/meshes/Component14_1.stl
/home/parallels/ros2_ws/install/rob2_description/share/rob2_description/meshes/Component16_1.stl
/home/parallels/ros2_ws/install/rob2_description/share/rob2_description/meshes/B6_1.stl
/home/parallels/ros2_ws/install/rob2_description/share/rob2_description/meshes/Component15_1.stl
/home/parallels/ros2_ws/install/rob2_description/share/rob2_description/config/controllers.yaml
/home/parallels/ros2_ws/install/rob2_description/share/rob2_description/config/ros_gz_bridge_gazebo.yaml
/home/parallels/ros2_ws/install/rob2_description/share/rob2_description/config/gazebo.rviz
/home/parallels/ros2_ws/install/rob2_description/share/rob2_description/config/display.rviz
/home/parallels/ros2_ws/install/rob2_description/lib/python3.10/site-packages/rob2_description-0.0.0-py3.10.egg-info/PKG-INFO
/home/parallels/ros2_ws/install/rob2_description/lib/python3.10/site-packages/rob2_description-0.0.0-py3.10.egg-info/zip-safe
/home/parallels/ros2_ws/install/rob2_description/lib/python3.10/site-packages/rob2_description-0.0.0-py3.10.egg-info/SOURCES.txt
/home/parallels/ros2_ws/install/rob2_description/lib/python3.10/site-packages/rob2_description-0.0.0-py3.10.egg-info/entry_points.txt
/home/parallels/ros2_ws/install/rob2_description/lib/python3.10/site-packages/rob2_description-0.0.0-py3.10.egg-info/top_level.txt
/home/parallels/ros2_ws/install/rob2_description/lib/python3.10/site-packages/rob2_description-0.0.0-py3.10.egg-info/dependency_links.txt
/home/parallels/ros2_ws/install/rob2_description/lib/python3.10/site-packages/rob2_description-0.0.0-py3.10.egg-info/requires.txt
/home/parallels/ros2_ws/install/rob2_description/lib/rob2_description/wheel_controller
