running egg_info
creating ../../build/rob2_description/rob2_description.egg-info
writing ../../build/rob2_description/rob2_description.egg-info/PKG-INFO
writing dependency_links to ../../build/rob2_description/rob2_description.egg-info/dependency_links.txt
writing entry points to ../../build/rob2_description/rob2_description.egg-info/entry_points.txt
writing requirements to ../../build/rob2_description/rob2_description.egg-info/requires.txt
writing top-level names to ../../build/rob2_description/rob2_description.egg-info/top_level.txt
writing manifest file '../../build/rob2_description/rob2_description.egg-info/SOURCES.txt'
reading manifest file '../../build/rob2_description/rob2_description.egg-info/SOURCES.txt'
writing manifest file '../../build/rob2_description/rob2_description.egg-info/SOURCES.txt'
running build
running build_py
creating /home/parallels/ros2_ws/build/rob2_description/build
creating /home/parallels/ros2_ws/build/rob2_description/build/lib
creating /home/parallels/ros2_ws/build/rob2_description/build/lib/rob2_description
copying rob2_description/__init__.py -> /home/parallels/ros2_ws/build/rob2_description/build/lib/rob2_description
copying rob2_description/wheel_controller.py -> /home/parallels/ros2_ws/build/rob2_description/build/lib/rob2_description
running install
running install_lib
creating /home/parallels/ros2_ws/install/rob2_description/lib/python3.10/site-packages/rob2_description
copying /home/parallels/ros2_ws/build/rob2_description/build/lib/rob2_description/__init__.py -> /home/parallels/ros2_ws/install/rob2_description/lib/python3.10/site-packages/rob2_description
copying /home/parallels/ros2_ws/build/rob2_description/build/lib/rob2_description/wheel_controller.py -> /home/parallels/ros2_ws/install/rob2_description/lib/python3.10/site-packages/rob2_description
byte-compiling /home/parallels/ros2_ws/install/rob2_description/lib/python3.10/site-packages/rob2_description/__init__.py to __init__.cpython-310.pyc
byte-compiling /home/parallels/ros2_ws/install/rob2_description/lib/python3.10/site-packages/rob2_description/wheel_controller.py to wheel_controller.cpython-310.pyc
running install_data
creating /home/parallels/ros2_ws/install/rob2_description/share/ament_index
creating /home/parallels/ros2_ws/install/rob2_description/share/ament_index/resource_index
creating /home/parallels/ros2_ws/install/rob2_description/share/ament_index/resource_index/packages
copying resource/rob2_description -> /home/parallels/ros2_ws/install/rob2_description/share/ament_index/resource_index/packages
copying package.xml -> /home/parallels/ros2_ws/install/rob2_description/share/rob2_description
creating /home/parallels/ros2_ws/install/rob2_description/share/rob2_description/launch
copying launch/gazebo.launch.py -> /home/parallels/ros2_ws/install/rob2_description/share/rob2_description/launch
copying launch/display.launch.py -> /home/parallels/ros2_ws/install/rob2_description/share/rob2_description/launch
creating /home/parallels/ros2_ws/install/rob2_description/share/rob2_description/urdf
copying urdf/rob2.gazebo -> /home/parallels/ros2_ws/install/rob2_description/share/rob2_description/urdf
copying urdf/materials.xacro -> /home/parallels/ros2_ws/install/rob2_description/share/rob2_description/urdf
copying urdf/rob2.xacro -> /home/parallels/ros2_ws/install/rob2_description/share/rob2_description/urdf
copying urdf/rob2.ros2control -> /home/parallels/ros2_ws/install/rob2_description/share/rob2_description/urdf
creating /home/parallels/ros2_ws/install/rob2_description/share/rob2_description/meshes
copying meshes/B4_1.stl -> /home/parallels/ros2_ws/install/rob2_description/share/rob2_description/meshes
copying meshes/J3_1.stl -> /home/parallels/ros2_ws/install/rob2_description/share/rob2_description/meshes
copying meshes/B5_1.stl -> /home/parallels/ros2_ws/install/rob2_description/share/rob2_description/meshes
copying meshes/Component17_1.stl -> /home/parallels/ros2_ws/install/rob2_description/share/rob2_description/meshes
copying meshes/B1_1.stl -> /home/parallels/ros2_ws/install/rob2_description/share/rob2_description/meshes
copying meshes/J5_1.stl -> /home/parallels/ros2_ws/install/rob2_description/share/rob2_description/meshes
copying meshes/J4_1.stl -> /home/parallels/ros2_ws/install/rob2_description/share/rob2_description/meshes
copying meshes/B2_1.stl -> /home/parallels/ros2_ws/install/rob2_description/share/rob2_description/meshes
copying meshes/J2_1.stl -> /home/parallels/ros2_ws/install/rob2_description/share/rob2_description/meshes
copying meshes/B3_1.stl -> /home/parallels/ros2_ws/install/rob2_description/share/rob2_description/meshes
copying meshes/Component18_1.stl -> /home/parallels/ros2_ws/install/rob2_description/share/rob2_description/meshes
copying meshes/Kamera_1.stl -> /home/parallels/ros2_ws/install/rob2_description/share/rob2_description/meshes
copying meshes/J6_1.stl -> /home/parallels/ros2_ws/install/rob2_description/share/rob2_description/meshes
copying meshes/J1_1.stl -> /home/parallels/ros2_ws/install/rob2_description/share/rob2_description/meshes
copying meshes/base_link.stl -> /home/parallels/ros2_ws/install/rob2_description/share/rob2_description/meshes
copying meshes/Component14_1.stl -> /home/parallels/ros2_ws/install/rob2_description/share/rob2_description/meshes
copying meshes/Component16_1.stl -> /home/parallels/ros2_ws/install/rob2_description/share/rob2_description/meshes
copying meshes/B6_1.stl -> /home/parallels/ros2_ws/install/rob2_description/share/rob2_description/meshes
copying meshes/Component15_1.stl -> /home/parallels/ros2_ws/install/rob2_description/share/rob2_description/meshes
creating /home/parallels/ros2_ws/install/rob2_description/share/rob2_description/config
copying config/controllers.yaml -> /home/parallels/ros2_ws/install/rob2_description/share/rob2_description/config
copying config/ros_gz_bridge_gazebo.yaml -> /home/parallels/ros2_ws/install/rob2_description/share/rob2_description/config
copying config/gazebo.rviz -> /home/parallels/ros2_ws/install/rob2_description/share/rob2_description/config
copying config/display.rviz -> /home/parallels/ros2_ws/install/rob2_description/share/rob2_description/config
running install_egg_info
Copying ../../build/rob2_description/rob2_description.egg-info to /home/parallels/ros2_ws/install/rob2_description/lib/python3.10/site-packages/rob2_description-0.0.0-py3.10.egg-info
running install_scripts
Installing wheel_controller script to /home/parallels/ros2_ws/install/rob2_description/lib/rob2_description
writing list of installed files to '/home/parallels/ros2_ws/build/rob2_description/install.log'
