[0.389s] Invoking command in '/home/parallels/ros2_ws/src/rob2_description': PYTHONPATH=/home/parallels/ros2_ws/build/rob2_description/prefix_override:/usr/lib/python3/dist-packages/colcon_core/task/python/colcon_distutils_commands:/home/parallels/ros2_ws/install/rob2_description/lib/python3.10/site-packages:${PYTHONPATH} /usr/bin/python3 -W ignore:setup.py install is deprecated -W ignore:easy_install command is deprecated setup.py egg_info --egg-base ../../build/rob2_description build --build-base /home/parallels/ros2_ws/build/rob2_description/build install --record /home/parallels/ros2_ws/build/rob2_description/install.log --single-version-externally-managed install_data
[0.503s] running egg_info
[0.504s] creating ../../build/rob2_description/rob2_description.egg-info
[0.504s] writing ../../build/rob2_description/rob2_description.egg-info/PKG-INFO
[0.504s] writing dependency_links to ../../build/rob2_description/rob2_description.egg-info/dependency_links.txt
[0.504s] writing entry points to ../../build/rob2_description/rob2_description.egg-info/entry_points.txt
[0.504s] writing requirements to ../../build/rob2_description/rob2_description.egg-info/requires.txt
[0.504s] writing top-level names to ../../build/rob2_description/rob2_description.egg-info/top_level.txt
[0.504s] writing manifest file '../../build/rob2_description/rob2_description.egg-info/SOURCES.txt'
[0.506s] reading manifest file '../../build/rob2_description/rob2_description.egg-info/SOURCES.txt'
[0.507s] writing manifest file '../../build/rob2_description/rob2_description.egg-info/SOURCES.txt'
[0.507s] running build
[0.507s] running build_py
[0.507s] creating /home/parallels/ros2_ws/build/rob2_description/build
[0.507s] creating /home/parallels/ros2_ws/build/rob2_description/build/lib
[0.507s] creating /home/parallels/ros2_ws/build/rob2_description/build/lib/rob2_description
[0.507s] copying rob2_description/__init__.py -> /home/parallels/ros2_ws/build/rob2_description/build/lib/rob2_description
[0.507s] copying rob2_description/wheel_controller.py -> /home/parallels/ros2_ws/build/rob2_description/build/lib/rob2_description
[0.507s] running install
[0.508s] running install_lib
[0.508s] creating /home/parallels/ros2_ws/install/rob2_description/lib/python3.10/site-packages/rob2_description
[0.508s] copying /home/parallels/ros2_ws/build/rob2_description/build/lib/rob2_description/__init__.py -> /home/parallels/ros2_ws/install/rob2_description/lib/python3.10/site-packages/rob2_description
[0.508s] copying /home/parallels/ros2_ws/build/rob2_description/build/lib/rob2_description/wheel_controller.py -> /home/parallels/ros2_ws/install/rob2_description/lib/python3.10/site-packages/rob2_description
[0.508s] byte-compiling /home/parallels/ros2_ws/install/rob2_description/lib/python3.10/site-packages/rob2_description/__init__.py to __init__.cpython-310.pyc
[0.508s] byte-compiling /home/parallels/ros2_ws/install/rob2_description/lib/python3.10/site-packages/rob2_description/wheel_controller.py to wheel_controller.cpython-310.pyc
[0.509s] running install_data
[0.509s] creating /home/parallels/ros2_ws/install/rob2_description/share/ament_index
[0.509s] creating /home/parallels/ros2_ws/install/rob2_description/share/ament_index/resource_index
[0.509s] creating /home/parallels/ros2_ws/install/rob2_description/share/ament_index/resource_index/packages
[0.509s] copying resource/rob2_description -> /home/parallels/ros2_ws/install/rob2_description/share/ament_index/resource_index/packages
[0.509s] copying package.xml -> /home/parallels/ros2_ws/install/rob2_description/share/rob2_description
[0.509s] creating /home/parallels/ros2_ws/install/rob2_description/share/rob2_description/launch
[0.509s] copying launch/gazebo.launch.py -> /home/parallels/ros2_ws/install/rob2_description/share/rob2_description/launch
[0.509s] copying launch/display.launch.py -> /home/parallels/ros2_ws/install/rob2_description/share/rob2_description/launch
[0.509s] creating /home/parallels/ros2_ws/install/rob2_description/share/rob2_description/urdf
[0.510s] copying urdf/rob2.gazebo -> /home/parallels/ros2_ws/install/rob2_description/share/rob2_description/urdf
[0.510s] copying urdf/materials.xacro -> /home/parallels/ros2_ws/install/rob2_description/share/rob2_description/urdf
[0.510s] copying urdf/rob2.xacro -> /home/parallels/ros2_ws/install/rob2_description/share/rob2_description/urdf
[0.510s] copying urdf/rob2.ros2control -> /home/parallels/ros2_ws/install/rob2_description/share/rob2_description/urdf
[0.510s] creating /home/parallels/ros2_ws/install/rob2_description/share/rob2_description/meshes
[0.510s] copying meshes/B4_1.stl -> /home/parallels/ros2_ws/install/rob2_description/share/rob2_description/meshes
[0.512s] copying meshes/J3_1.stl -> /home/parallels/ros2_ws/install/rob2_description/share/rob2_description/meshes
[0.515s] copying meshes/B5_1.stl -> /home/parallels/ros2_ws/install/rob2_description/share/rob2_description/meshes
[0.515s] copying meshes/Component17_1.stl -> /home/parallels/ros2_ws/install/rob2_description/share/rob2_description/meshes
[0.516s] copying meshes/B1_1.stl -> /home/parallels/ros2_ws/install/rob2_description/share/rob2_description/meshes
[0.519s] copying meshes/J5_1.stl -> /home/parallels/ros2_ws/install/rob2_description/share/rob2_description/meshes
[0.520s] copying meshes/J4_1.stl -> /home/parallels/ros2_ws/install/rob2_description/share/rob2_description/meshes
[0.523s] copying meshes/B2_1.stl -> /home/parallels/ros2_ws/install/rob2_description/share/rob2_description/meshes
[0.524s] copying meshes/J2_1.stl -> /home/parallels/ros2_ws/install/rob2_description/share/rob2_description/meshes
[0.524s] copying meshes/B3_1.stl -> /home/parallels/ros2_ws/install/rob2_description/share/rob2_description/meshes
[0.525s] copying meshes/Component18_1.stl -> /home/parallels/ros2_ws/install/rob2_description/share/rob2_description/meshes
[0.527s] copying meshes/Kamera_1.stl -> /home/parallels/ros2_ws/install/rob2_description/share/rob2_description/meshes
[0.527s] copying meshes/J6_1.stl -> /home/parallels/ros2_ws/install/rob2_description/share/rob2_description/meshes
[0.527s] copying meshes/J1_1.stl -> /home/parallels/ros2_ws/install/rob2_description/share/rob2_description/meshes
[0.528s] copying meshes/base_link.stl -> /home/parallels/ros2_ws/install/rob2_description/share/rob2_description/meshes
[0.528s] copying meshes/Component14_1.stl -> /home/parallels/ros2_ws/install/rob2_description/share/rob2_description/meshes
[0.528s] copying meshes/Component16_1.stl -> /home/parallels/ros2_ws/install/rob2_description/share/rob2_description/meshes
[0.528s] copying meshes/B6_1.stl -> /home/parallels/ros2_ws/install/rob2_description/share/rob2_description/meshes
[0.529s] copying meshes/Component15_1.stl -> /home/parallels/ros2_ws/install/rob2_description/share/rob2_description/meshes
[0.529s] creating /home/parallels/ros2_ws/install/rob2_description/share/rob2_description/config
[0.529s] copying config/controllers.yaml -> /home/parallels/ros2_ws/install/rob2_description/share/rob2_description/config
[0.529s] copying config/ros_gz_bridge_gazebo.yaml -> /home/parallels/ros2_ws/install/rob2_description/share/rob2_description/config
[0.529s] copying config/gazebo.rviz -> /home/parallels/ros2_ws/install/rob2_description/share/rob2_description/config
[0.529s] copying config/display.rviz -> /home/parallels/ros2_ws/install/rob2_description/share/rob2_description/config
[0.530s] running install_egg_info
[0.531s] Copying ../../build/rob2_description/rob2_description.egg-info to /home/parallels/ros2_ws/install/rob2_description/lib/python3.10/site-packages/rob2_description-0.0.0-py3.10.egg-info
[0.532s] running install_scripts
[0.543s] Installing wheel_controller script to /home/parallels/ros2_ws/install/rob2_description/lib/rob2_description
[0.543s] writing list of installed files to '/home/parallels/ros2_ws/build/rob2_description/install.log'
[0.558s] Invoked command in '/home/parallels/ros2_ws/src/rob2_description' returned '0': PYTHONPATH=/home/parallels/ros2_ws/build/rob2_description/prefix_override:/usr/lib/python3/dist-packages/colcon_core/task/python/colcon_distutils_commands:/home/parallels/ros2_ws/install/rob2_description/lib/python3.10/site-packages:${PYTHONPATH} /usr/bin/python3 -W ignore:setup.py install is deprecated -W ignore:easy_install command is deprecated setup.py egg_info --egg-base ../../build/rob2_description build --build-base /home/parallels/ros2_ws/build/rob2_description/build install --record /home/parallels/ros2_ws/build/rob2_description/install.log --single-version-externally-managed install_data
